<testsuites>
	<testsuite name="AllTests" tests="9">
		<testcase classname="AllTests" name="testSudokuAlreadySolved">
			<failure message="/home/goncalo/FEUP/CAL/AULA2/cal_fp02/src/Test.cpp:31 testSudokuAlreadySolved: s.solve() == true expected:	0	but was:	1	">
testSudokuAlreadySolved: s.solve() == true expected:	0	but was:	1	
			</failure>
		</testcase>
		<testcase classname="AllTests" name="testSudokuNoneBackStepsRequired">
			<failure message="/home/goncalo/FEUP/CAL/AULA2/cal_fp02/src/Test.cpp:68 testSudokuNoneBackStepsRequired: s.solve() == true expected:	0	but was:	1	">
testSudokuNoneBackStepsRequired: s.solve() == true expected:	0	but was:	1	
			</failure>
		</testcase>
		<testcase classname="AllTests" name="testSudokuSomeBackStepsRequired">
			<failure message="/home/goncalo/FEUP/CAL/AULA2/cal_fp02/src/Test.cpp:105 testSudokuSomeBackStepsRequired: s.solve() == true expected:	0	but was:	1	">
testSudokuSomeBackStepsRequired: s.solve() == true expected:	0	but was:	1	
			</failure>
		</testcase>
		<testcase classname="AllTests" name="testSudokuManyBackStepsRequired">
			<failure message="/home/goncalo/FEUP/CAL/AULA2/cal_fp02/src/Test.cpp:143 testSudokuManyBackStepsRequired: s.solve() == true expected:	0	but was:	1	">
testSudokuManyBackStepsRequired: s.solve() == true expected:	0	but was:	1	
			</failure>
		</testcase>
		<testcase classname="AllTests" name="testSudokuWithMinimalClues">
			<failure message="/home/goncalo/FEUP/CAL/AULA2/cal_fp02/src/Test.cpp:181 testSudokuWithMinimalClues: s.solve() == true expected:	0	but was:	1	">
testSudokuWithMinimalClues: s.solve() == true expected:	0	but was:	1	
			</failure>
		</testcase>
		<testcase classname="AllTests" name="testSudokuWithMultipleSolutions">
			<failure message="/home/goncalo/FEUP/CAL/AULA2/cal_fp02/src/Test.cpp:207 testSudokuWithMultipleSolutions: s.solve() &amp;&amp; s.isComplete() == true expected:	0	but was:	1	">
testSudokuWithMultipleSolutions: s.solve() &amp;&amp; s.isComplete() == true expected:	0	but was:	1	
			</failure>
		</testcase>
		<testcase classname="AllTests" name="testSudokuEmpty">
			<failure message="/home/goncalo/FEUP/CAL/AULA2/cal_fp02/src/Test.cpp:229 testSudokuEmpty: s.solve() == true expected:	0	but was:	1	">
testSudokuEmpty: s.solve() == true expected:	0	but was:	1	
			</failure>
		</testcase>
		<testcase classname="AllTests" name="testSudokuImpossible"/>
		<testcase classname="AllTests" name="testLabirinth"/>
	</testsuite>
</testsuites>
